<?xml version="1.0" encoding="UTF-8"?>
<!-- Generated by org.testng.reporters.JUnitReportReporter -->
<testsuite hostname="DESKTOP-18QFM6O" failures="0" tests="1" name="com.ui.test.RegisterTest" time="10.119" errors="0" timestamp="2023-09-14T23:35:08 IST" skipped="0">
  <testcase classname="com.ui.test.RegisterTest" name="Register" time="10.119"/>
</testsuite> <!-- com.ui.test.RegisterTest -->
